Arguments: 
  C:\Program Files\nodejs\node.exe C:\Program Files (x86)\Yarn\bin\yarn.js install eonasdan-bootstrap-datetimepicker#latest --save

PATH: 
  C:\ProgramData\Oracle\Java\javapath;C:\Program Files (x86)\Intel\iCLS Client\;C:\Program Files\Intel\iCLS Client\;C:\Windows\system32;C:\Windows;C:\Windows\System32\Wbem;C:\Windows\System32\WindowsPowerShell\v1.0\;C:\Program Files\Intel\Intel(R) Management Engine Components\DAL;C:\Program Files\Intel\Intel(R) Management Engine Components\IPT;C:\Program Files (x86)\Intel\Intel(R) Management Engine Components\DAL;C:\Program Files (x86)\Intel\Intel(R) Management Engine Components\IPT;C:\Program Files (x86)\NVIDIA Corporation\PhysX\Common;C:\Program Files\Microsoft SQL Server\130\Tools\Binn\;C:\Program Files\dotnet\;C:\Program Files\Intel\WiFi\bin\;C:\Program Files\Common Files\Intel\WirelessCommon\;C:\Program Files (x86)\Windows Kits\8.1\Windows Performance Toolkit\;C:\Program Files\Microsoft SQL Server\110\Tools\Binn\;C:\Program Files\Microsoft SQL Server\120\Tools\Binn\;C:\Program Files\MySQL\MySQL Utilities 1.6\;C:\Program Files\Java\jdk1.8.0_144\bin\;C:\Jade\jade\lib\jade.jar;C:\Jade\jade\lib\commons-codec\commons-codec-1.3.jar;C:\Jade\jade\classes;C:\Program Files\Git\cmd;C:\Program Files\nodejs\;E:\Learning\DoDWA\ECMA_5\mongodb-win32-x86_64-2008plus-ssl-3.7.1\mongodb-win32-x86_64-2008plus-ssl-3.7.1\bin;C:\Program Files (x86)\Yarn\bin\;C:\Program Files\Intel\WiFi\bin\;C:\Program Files\Common Files\Intel\WirelessCommon\;C:\Users\user\AppData\Local\GitHubDesktop\bin;C:\Program Files\Microsoft VS Code\bin;C:\Users\user\AppData\Roaming\npm;C:\Users\user\AppData\Local\Yarn\bin

Yarn version: 
  1.5.1

Node version: 
  9.5.0

Platform: 
  win32 x64

npm manifest: 
  {
    "engines": {
      "node": ">= 4.0"
    },
    "dependencies": {
      "autoprefixer": "^8.1.0",
      "babel-loader": "^7.1.2",
      "babel-polyfill": "^6.26.0",
      "babel-preset-es2015": "^6.24.1",
      "babel-runtime": "^6.26.0",
      "css-loader": "^0.28.10",
      "deployd": "^1.0.0",
      "dpd-clientlib": "^0.0.1",
      "dpd-dashboard": "^0.0.1",
      "extract-text-webpack-plugin": "^3.0.2",
      "regenerator-runtime": "^0.11.1",
      "style-loader": "^0.20.2",
      "webpack": "^3.11.0",
      "whatwg-fetch": "^2.0.3"
    },
    "scripts": {
      "start": "webpack-dev-server",
      "build": "webpack",
      "serv": "static build"
    },
    "devDependencies": {
      "babel-plugin-transform-async-to-generator": "^6.24.1",
      "babel-plugin-transform-regenerator": "^6.26.0",
      "babel-plugin-transform-runtime": "^6.23.0",
      "file-loader": "^1.1.11",
      "html-webpack-plugin": "^3.0.4",
      "image-webpack-loader": "^4.1.0",
      "postcss-loader": "^2.1.1",
      "postcss-smart-import": "^0.7.6",
      "uglifyjs-webpack-plugin": "^1.2.2",
      "webpack-cli": "^2.0.10",
      "webpack-dev-server": "^2.11.1"
    }
  }

yarn manifest: 
  No manifest

Lockfile: 
  No lockfile

Trace: 
  Error: `install` has been replaced with `add` to add new dependencies. Run "yarn add eonasdan-bootstrap-datetimepicker#latest" instead.
      at new MessageError (C:\Program Files (x86)\Yarn\lib\cli.js:186:110)
      at Object.<anonymous> (C:\Program Files (x86)\Yarn\lib\cli.js:21987:13)
      at Generator.next (<anonymous>)
      at step (C:\Program Files (x86)\Yarn\lib\cli.js:98:30)
      at C:\Program Files (x86)\Yarn\lib\cli.js:109:13
      at <anonymous>
